<?xml version="1.0" encoding="UTF-8"?>
<!-- Generated by org.testng.reporters.JUnitReportReporter -->
<testsuite hostname="DESKTOP-I94TVPU" failures="0" tests="10" name="Hybrid.logincrm" time="50.006" errors="0" timestamp="2022-05-23T11:32:02 IST" skipped="0">
  <testcase classname="Hybrid.logincrm" name="loginApp" time="4.828"/>
  <system-out/>
  <testcase classname="Hybrid.logincrm" name="signupapp" time="5.997"/>
  <system-out/>
  <testcase classname="Hybrid.logincrm" name="searchupapp" time="9.694"/>
  <system-out>
    <![CDATA[Bedsheet Done]]>
  </system-out>
  <testcase classname="Hybrid.logincrm" name="Bedapp" time="7.964"/>
  <system-out>
    <![CDATA[searching Done]]>
  </system-out>
  <testcase classname="Hybrid.logincrm" name="Bedappcart" time="4.576"/>
  <system-out>
    <![CDATA[bedapp Done]]>
  </system-out>
  <testcase classname="Hybrid.logincrm" name="assertions" time="2.263"/>
  <system-out>
    <![CDATA[assertions Done]]>
  </system-out>
  <testcase classname="Hybrid.logincrm" name="tvappcart" time="1.972"/>
  <system-out/>
  <testcase classname="Hybrid.logincrm" name="studyapp" time="11.446"/>
  <system-out/>
  <testcase classname="Hybrid.logincrm" name="aboutapp" time="0.766"/>
  <system-out/>
  <testcase classname="Hybrid.logincrm" name="infoapp" time="0.500"/>
  <system-out/>
</testsuite> <!-- Hybrid.logincrm -->
